<?xml version="1.0" encoding="UTF-8"?>
<testsuite name="book.video.VideoServiceContainerTest" tests="1" skipped="0" failures="1" errors="0" timestamp="2021-03-01T22:12:08" hostname="KBP1-LHP-A00463" time="0.0">
  <properties/>
  <testcase name="classMethod" classname="book.video.VideoServiceContainerTest" time="0.0">
    <failure message="java.lang.RuntimeException: Could not create new instance of class org.jboss.arquillian.test.impl.EventTestRunnerAdaptor" type="java.lang.RuntimeException">java.lang.RuntimeException: Could not create new instance of class org.jboss.arquillian.test.impl.EventTestRunnerAdaptor
	at org.jboss.arquillian.test.spi.SecurityActions.newInstance(SecurityActions.java:166)
	at org.jboss.arquillian.test.spi.SecurityActions.newInstance(SecurityActions.java:103)
	at org.jboss.arquillian.test.spi.TestRunnerAdaptorBuilder.build(TestRunnerAdaptorBuilder.java:52)
	at org.jboss.arquillian.junit.Arquillian.run(Arquillian.java:114)
	at org.gradle.api.internal.tasks.testing.junit.JUnitTestClassExecuter.runTestClass(JUnitTestClassExecuter.java:114)
	at org.gradle.api.internal.tasks.testing.junit.JUnitTestClassExecuter.execute(JUnitTestClassExecuter.java:57)
	at org.gradle.api.internal.tasks.testing.junit.JUnitTestClassProcessor.processTestClass(JUnitTestClassProcessor.java:66)
	at org.gradle.api.internal.tasks.testing.SuiteTestClassProcessor.processTestClass(SuiteTestClassProcessor.java:51)
	at sun.reflect.NativeMethodAccessorImpl.invoke0(Native Method)
	at sun.reflect.NativeMethodAccessorImpl.invoke(NativeMethodAccessorImpl.java:62)
	at sun.reflect.DelegatingMethodAccessorImpl.invoke(DelegatingMethodAccessorImpl.java:43)
	at java.lang.reflect.Method.invoke(Method.java:498)
	at org.gradle.internal.dispatch.ReflectionDispatch.dispatch(ReflectionDispatch.java:35)
	at org.gradle.internal.dispatch.ReflectionDispatch.dispatch(ReflectionDispatch.java:24)
	at org.gradle.internal.dispatch.ContextClassLoaderDispatch.dispatch(ContextClassLoaderDispatch.java:32)
	at org.gradle.internal.dispatch.ProxyDispatchAdapter$DispatchingInvocationHandler.invoke(ProxyDispatchAdapter.java:93)
	at com.sun.proxy.$Proxy2.processTestClass(Unknown Source)
	at org.gradle.api.internal.tasks.testing.worker.TestWorker.processTestClass(TestWorker.java:109)
	at sun.reflect.NativeMethodAccessorImpl.invoke0(Native Method)
	at sun.reflect.NativeMethodAccessorImpl.invoke(NativeMethodAccessorImpl.java:62)
	at sun.reflect.DelegatingMethodAccessorImpl.invoke(DelegatingMethodAccessorImpl.java:43)
	at java.lang.reflect.Method.invoke(Method.java:498)
	at org.gradle.internal.dispatch.ReflectionDispatch.dispatch(ReflectionDispatch.java:35)
	at org.gradle.internal.dispatch.ReflectionDispatch.dispatch(ReflectionDispatch.java:24)
	at org.gradle.internal.remote.internal.hub.MessageHub$Handler.run(MessageHub.java:377)
	at org.gradle.internal.concurrent.ExecutorPolicy$CatchAndRecordFailures.onExecute(ExecutorPolicy.java:54)
	at org.gradle.internal.concurrent.StoppableExecutorImpl$1.run(StoppableExecutorImpl.java:40)
	at java.util.concurrent.ThreadPoolExecutor.runWorker(ThreadPoolExecutor.java:1149)
	at java.util.concurrent.ThreadPoolExecutor$Worker.run(ThreadPoolExecutor.java:624)
	at java.lang.Thread.run(Thread.java:748)
Caused by: java.lang.reflect.InvocationTargetException
	at sun.reflect.NativeConstructorAccessorImpl.newInstance0(Native Method)
	at sun.reflect.NativeConstructorAccessorImpl.newInstance(NativeConstructorAccessorImpl.java:62)
	at sun.reflect.DelegatingConstructorAccessorImpl.newInstance(DelegatingConstructorAccessorImpl.java:45)
	at java.lang.reflect.Constructor.newInstance(Constructor.java:423)
	at org.jboss.arquillian.test.spi.SecurityActions.newInstance(SecurityActions.java:162)
	... 29 more
Caused by: org.arquillian.spacelift.execution.ExecutionException: Execution of a task failed. Unable to download from https://github.com/docker/machine/releases/download/v0.16.2/null to C:\Users\nataliia.arazian\.arquillian\machine\v0.16.2\docker-machine
	at org.arquillian.spacelift.execution.ExecutionException.prependMessage(ExecutionException.java:70)
	at org.arquillian.spacelift.execution.impl.FutureBasedExecution.unwrapException(FutureBasedExecution.java:173)
	at org.arquillian.spacelift.execution.impl.FutureBasedExecution.await(FutureBasedExecution.java:101)
	at org.arquillian.cube.docker.impl.client.CubeDockerConfigurationResolver.resolveDownloadDockerMachine(CubeDockerConfigurationResolver.java:102)
	at org.arquillian.cube.docker.impl.client.CubeDockerConfigurationResolver.resolve(CubeDockerConfigurationResolver.java:61)
	at org.arquillian.cube.docker.impl.client.CubeDockerConfigurator.configure(CubeDockerConfigurator.java:87)
	at org.arquillian.cube.docker.impl.client.CubeDockerConfigurator.configure(CubeDockerConfigurator.java:77)
	at sun.reflect.NativeMethodAccessorImpl.invoke0(Native Method)
	at sun.reflect.NativeMethodAccessorImpl.invoke(NativeMethodAccessorImpl.java:62)
	at sun.reflect.DelegatingMethodAccessorImpl.invoke(DelegatingMethodAccessorImpl.java:43)
	at java.lang.reflect.Method.invoke(Method.java:498)
	at org.jboss.arquillian.core.impl.ObserverImpl.invoke(ObserverImpl.java:96)
	at org.jboss.arquillian.core.impl.EventContextImpl.invokeObservers(EventContextImpl.java:99)
	at org.jboss.arquillian.core.impl.EventContextImpl.proceed(EventContextImpl.java:81)
	at org.jboss.arquillian.core.impl.ManagerImpl.fire(ManagerImpl.java:145)
	at org.jboss.arquillian.core.impl.ManagerImpl.fire(ManagerImpl.java:116)
	at org.jboss.arquillian.core.impl.ManagerImpl.bindAndFire(ManagerImpl.java:265)
	at org.jboss.arquillian.core.impl.InstanceImpl.set(InstanceImpl.java:74)
	at org.arquillian.cube.impl.client.CubeConfigurator.configure(CubeConfigurator.java:24)
	at sun.reflect.NativeMethodAccessorImpl.invoke0(Native Method)
	at sun.reflect.NativeMethodAccessorImpl.invoke(NativeMethodAccessorImpl.java:62)
	at sun.reflect.DelegatingMethodAccessorImpl.invoke(DelegatingMethodAccessorImpl.java:43)
	at java.lang.reflect.Method.invoke(Method.java:498)
	at org.jboss.arquillian.core.impl.ObserverImpl.invoke(ObserverImpl.java:96)
	at org.jboss.arquillian.core.impl.EventContextImpl.invokeObservers(EventContextImpl.java:99)
	at org.jboss.arquillian.core.impl.EventContextImpl.proceed(EventContextImpl.java:81)
	at org.jboss.arquillian.core.impl.ManagerImpl.fire(ManagerImpl.java:145)
	at org.jboss.arquillian.core.impl.ManagerImpl.fire(ManagerImpl.java:116)
	at org.jboss.arquillian.core.impl.ManagerImpl.bindAndFire(ManagerImpl.java:265)
	at org.jboss.arquillian.core.impl.InstanceImpl.set(InstanceImpl.java:74)
	at org.jboss.arquillian.config.impl.extension.ConfigurationRegistrar.loadConfiguration(ConfigurationRegistrar.java:73)
	at sun.reflect.NativeMethodAccessorImpl.invoke0(Native Method)
	at sun.reflect.NativeMethodAccessorImpl.invoke(NativeMethodAccessorImpl.java:62)
	at sun.reflect.DelegatingMethodAccessorImpl.invoke(DelegatingMethodAccessorImpl.java:43)
	at java.lang.reflect.Method.invoke(Method.java:498)
	at org.jboss.arquillian.core.impl.ObserverImpl.invoke(ObserverImpl.java:96)
	at org.jboss.arquillian.core.impl.EventContextImpl.invokeObservers(EventContextImpl.java:99)
	at org.jboss.arquillian.core.impl.EventContextImpl.proceed(EventContextImpl.java:81)
	at org.jboss.arquillian.core.impl.ManagerImpl.fire(ManagerImpl.java:145)
	at org.jboss.arquillian.core.impl.ManagerImpl.fire(ManagerImpl.java:116)
	at org.jboss.arquillian.core.impl.ManagerImpl.start(ManagerImpl.java:290)
	at org.jboss.arquillian.test.impl.EventTestRunnerAdaptor.&lt;init&gt;(EventTestRunnerAdaptor.java:63)
	... 34 more
Caused by: java.io.FileNotFoundException: https://github.com/docker/machine/releases/download/v0.16.2/null
	at sun.reflect.NativeConstructorAccessorImpl.newInstance0(Native Method)
	at sun.reflect.NativeConstructorAccessorImpl.newInstance(NativeConstructorAccessorImpl.java:62)
	at sun.reflect.DelegatingConstructorAccessorImpl.newInstance(DelegatingConstructorAccessorImpl.java:45)
	at java.lang.reflect.Constructor.newInstance(Constructor.java:423)
	at sun.net.www.protocol.http.HttpURLConnection$10.run(HttpURLConnection.java:1950)
	at sun.net.www.protocol.http.HttpURLConnection$10.run(HttpURLConnection.java:1945)
	at java.security.AccessController.doPrivileged(Native Method)
	at sun.net.www.protocol.http.HttpURLConnection.getChainedException(HttpURLConnection.java:1944)
	at sun.net.www.protocol.http.HttpURLConnection.getInputStream0(HttpURLConnection.java:1514)
	at sun.net.www.protocol.http.HttpURLConnection.getInputStream(HttpURLConnection.java:1498)
	at sun.net.www.protocol.https.HttpsURLConnectionImpl.getInputStream(HttpsURLConnectionImpl.java:268)
	at org.arquillian.spacelift.task.net.DownloadTool.tryDownload(DownloadTool.java:162)
	at org.arquillian.spacelift.task.net.DownloadTool.tryDownload(DownloadTool.java:124)
	at org.arquillian.spacelift.task.net.DownloadTool.process(DownloadTool.java:118)
	at org.arquillian.spacelift.task.net.DownloadTool.process(DownloadTool.java:41)
	at org.arquillian.spacelift.task.Task.run(Task.java:98)
	at org.arquillian.spacelift.task.Task$1.call(Task.java:70)
	at java.util.concurrent.FutureTask.run(FutureTask.java:266)
	... 3 more
Caused by: java.io.FileNotFoundException: https://github.com/docker/machine/releases/download/v0.16.2/null
	at sun.net.www.protocol.http.HttpURLConnection.getInputStream0(HttpURLConnection.java:1896)
	at sun.net.www.protocol.http.HttpURLConnection.getInputStream(HttpURLConnection.java:1498)
	at java.net.HttpURLConnection.getResponseCode(HttpURLConnection.java:480)
	at sun.net.www.protocol.https.HttpsURLConnectionImpl.getResponseCode(HttpsURLConnectionImpl.java:352)
	at org.arquillian.spacelift.task.net.DownloadTool.tryDownload(DownloadTool.java:150)
	... 9 more
</failure>
  </testcase>
  <system-out><![CDATA[]]></system-out>
  <system-err><![CDATA[Mar 02, 2021 12:12:06 AM org.arquillian.spacelift.Spacelift$SpaceliftInstance <init>
INFO: Initialized Spacelift from defaults, workspace: C:\Users\nataliia.arazian\IdeaProjects\testing-java-microservices\video\c-tests, cache: C:\Users\nataliia.arazian\.spacelift\cache
]]></system-err>
</testsuite>
